<?xml version="1.0" encoding="UTF-8"?>
<testsuite xmlns:xsi="http://www.w3.org/2001/XMLSchema-instance" xsi:noNamespaceSchemaLocation="https://maven.apache.org/surefire/maven-surefire-plugin/xsd/surefire-test-report-3.0.xsd" version="3.0" name="examples.ExamplesTest" time="2.187" tests="1" errors="0" skipped="0" failures="1">
  <properties>
    <property name="java.specification.version" value="21"/>
    <property name="sun.jnu.encoding" value="UTF-8"/>
    <property name="java.class.path" value="/Users/josue/Documents/QA/KarateProject/myproject/target/test-classes:/Users/josue/Documents/QA/KarateProject/myproject/target/classes:/Users/josue/.m2/repository/io/karatelabs/karate-junit5/1.5.0/karate-junit5-1.5.0.jar:/Users/josue/.m2/repository/io/karatelabs/karate-core/1.5.0/karate-core-1.5.0.jar:/Users/josue/.m2/repository/org/graalvm/js/js-scriptengine/24.0.0/js-scriptengine-24.0.0.jar:/Users/josue/.m2/repository/org/graalvm/polyglot/polyglot/24.0.0/polyglot-24.0.0.jar:/Users/josue/.m2/repository/org/graalvm/sdk/collections/24.0.0/collections-24.0.0.jar:/Users/josue/.m2/repository/org/graalvm/sdk/nativeimage/24.0.0/nativeimage-24.0.0.jar:/Users/josue/.m2/repository/org/graalvm/sdk/word/24.0.0/word-24.0.0.jar:/Users/josue/.m2/repository/org/graalvm/js/js-language/24.0.0/js-language-24.0.0.jar:/Users/josue/.m2/repository/org/graalvm/regex/regex/24.0.0/regex-24.0.0.jar:/Users/josue/.m2/repository/org/graalvm/truffle/truffle-api/24.0.0/truffle-api-24.0.0.jar:/Users/josue/.m2/repository/org/graalvm/shadowed/icu4j/24.0.0/icu4j-24.0.0.jar:/Users/josue/.m2/repository/org/thymeleaf/thymeleaf/3.1.2.RELEASE/thymeleaf-3.1.2.RELEASE.jar:/Users/josue/.m2/repository/ognl/ognl/3.3.4/ognl-3.3.4.jar:/Users/josue/.m2/repository/org/javassist/javassist/3.29.0-GA/javassist-3.29.0-GA.jar:/Users/josue/.m2/repository/org/attoparser/attoparser/2.0.7.RELEASE/attoparser-2.0.7.RELEASE.jar:/Users/josue/.m2/repository/org/unbescape/unbescape/1.1.6.RELEASE/unbescape-1.1.6.RELEASE.jar:/Users/josue/.m2/repository/com/linecorp/armeria/armeria/1.29.2/armeria-1.29.2.jar:/Users/josue/.m2/repository/com/fasterxml/jackson/core/jackson-core/2.17.1/jackson-core-2.17.1.jar:/Users/josue/.m2/repository/com/fasterxml/jackson/core/jackson-annotations/2.17.1/jackson-annotations-2.17.1.jar:/Users/josue/.m2/repository/com/fasterxml/jackson/core/jackson-databind/2.17.1/jackson-databind-2.17.1.jar:/Users/josue/.m2/repository/com/fasterxml/jackson/datatype/jackson-datatype-jdk8/2.17.1/jackson-datatype-jdk8-2.17.1.jar:/Users/josue/.m2/repository/com/fasterxml/jackson/datatype/jackson-datatype-jsr310/2.17.1/jackson-datatype-jsr310-2.17.1.jar:/Users/josue/.m2/repository/io/micrometer/micrometer-core/1.13.0/micrometer-core-1.13.0.jar:/Users/josue/.m2/repository/io/micrometer/micrometer-commons/1.13.0/micrometer-commons-1.13.0.jar:/Users/josue/.m2/repository/io/micrometer/micrometer-observation/1.13.0/micrometer-observation-1.13.0.jar:/Users/josue/.m2/repository/org/hdrhistogram/HdrHistogram/2.2.1/HdrHistogram-2.2.1.jar:/Users/josue/.m2/repository/org/latencyutils/LatencyUtils/2.0.3/LatencyUtils-2.0.3.jar:/Users/josue/.m2/repository/io/netty/netty-transport/4.1.110.Final/netty-transport-4.1.110.Final.jar:/Users/josue/.m2/repository/io/netty/netty-common/4.1.110.Final/netty-common-4.1.110.Final.jar:/Users/josue/.m2/repository/io/netty/netty-buffer/4.1.110.Final/netty-buffer-4.1.110.Final.jar:/Users/josue/.m2/repository/io/netty/netty-resolver/4.1.110.Final/netty-resolver-4.1.110.Final.jar:/Users/josue/.m2/repository/io/netty/netty-codec-haproxy/4.1.110.Final/netty-codec-haproxy-4.1.110.Final.jar:/Users/josue/.m2/repository/io/netty/netty-codec/4.1.110.Final/netty-codec-4.1.110.Final.jar:/Users/josue/.m2/repository/io/netty/netty-codec-http2/4.1.110.Final/netty-codec-http2-4.1.110.Final.jar:/Users/josue/.m2/repository/io/netty/netty-handler/4.1.110.Final/netty-handler-4.1.110.Final.jar:/Users/josue/.m2/repository/io/netty/netty-codec-http/4.1.110.Final/netty-codec-http-4.1.110.Final.jar:/Users/josue/.m2/repository/io/netty/netty-resolver-dns/4.1.110.Final/netty-resolver-dns-4.1.110.Final.jar:/Users/josue/.m2/repository/io/netty/netty-codec-dns/4.1.110.Final/netty-codec-dns-4.1.110.Final.jar:/Users/josue/.m2/repository/io/netty/netty-transport-native-unix-common/4.1.110.Final/netty-transport-native-unix-common-4.1.110.Final-linux-x86_64.jar:/Users/josue/.m2/repository/io/netty/netty-transport-native-unix-common/4.1.110.Final/netty-transport-native-unix-common-4.1.110.Final-linux-aarch_64.jar:/Users/josue/.m2/repository/io/netty/netty-transport-native-unix-common/4.1.110.Final/netty-transport-native-unix-common-4.1.110.Final-osx-x86_64.jar:/Users/josue/.m2/repository/io/netty/netty-transport-native-unix-common/4.1.110.Final/netty-transport-native-unix-common-4.1.110.Final-osx-aarch_64.jar:/Users/josue/.m2/repository/org/reactivestreams/reactive-streams/1.0.4/reactive-streams-1.0.4.jar:/Users/josue/.m2/repository/com/google/code/findbugs/jsr305/3.0.2/jsr305-3.0.2.jar:/Users/josue/.m2/repository/io/netty/netty-handler-proxy/4.1.110.Final/netty-handler-proxy-4.1.110.Final.jar:/Users/josue/.m2/repository/io/netty/netty-codec-socks/4.1.110.Final/netty-codec-socks-4.1.110.Final.jar:/Users/josue/.m2/repository/io/netty/netty-transport-native-epoll/4.1.110.Final/netty-transport-native-epoll-4.1.110.Final-linux-x86_64.jar:/Users/josue/.m2/repository/io/netty/netty-transport-native-unix-common/4.1.110.Final/netty-transport-native-unix-common-4.1.110.Final.jar:/Users/josue/.m2/repository/io/netty/netty-transport-classes-epoll/4.1.110.Final/netty-transport-classes-epoll-4.1.110.Final.jar:/Users/josue/.m2/repository/io/netty/netty-transport-native-epoll/4.1.110.Final/netty-transport-native-epoll-4.1.110.Final-linux-aarch_64.jar:/Users/josue/.m2/repository/io/netty/netty-transport-native-kqueue/4.1.110.Final/netty-transport-native-kqueue-4.1.110.Final-osx-x86_64.jar:/Users/josue/.m2/repository/io/netty/netty-transport-classes-kqueue/4.1.110.Final/netty-transport-classes-kqueue-4.1.110.Final.jar:/Users/josue/.m2/repository/io/netty/netty-resolver-dns-native-macos/4.1.110.Final/netty-resolver-dns-native-macos-4.1.110.Final-osx-x86_64.jar:/Users/josue/.m2/repository/io/netty/netty-resolver-dns-classes-macos/4.1.110.Final/netty-resolver-dns-classes-macos-4.1.110.Final.jar:/Users/josue/.m2/repository/io/netty/netty-transport-native-kqueue/4.1.110.Final/netty-transport-native-kqueue-4.1.110.Final-osx-aarch_64.jar:/Users/josue/.m2/repository/io/netty/netty-resolver-dns-native-macos/4.1.110.Final/netty-resolver-dns-native-macos-4.1.110.Final-osx-aarch_64.jar:/Users/josue/.m2/repository/io/netty/netty-tcnative-boringssl-static/2.0.65.Final/netty-tcnative-boringssl-static-2.0.65.Final-linux-x86_64.jar:/Users/josue/.m2/repository/io/netty/netty-tcnative-classes/2.0.65.Final/netty-tcnative-classes-2.0.65.Final.jar:/Users/josue/.m2/repository/io/netty/netty-tcnative-boringssl-static/2.0.65.Final/netty-tcnative-boringssl-static-2.0.65.Final-linux-aarch_64.jar:/Users/josue/.m2/repository/io/netty/netty-tcnative-boringssl-static/2.0.65.Final/netty-tcnative-boringssl-static-2.0.65.Final-osx-x86_64.jar:/Users/josue/.m2/repository/io/netty/netty-tcnative-boringssl-static/2.0.65.Final/netty-tcnative-boringssl-static-2.0.65.Final-osx-aarch_64.jar:/Users/josue/.m2/repository/io/netty/netty-tcnative-boringssl-static/2.0.65.Final/netty-tcnative-boringssl-static-2.0.65.Final-windows-x86_64.jar:/Users/josue/.m2/repository/com/aayushatharva/brotli4j/brotli4j/1.16.0/brotli4j-1.16.0.jar:/Users/josue/.m2/repository/com/aayushatharva/brotli4j/service/1.16.0/service-1.16.0.jar:/Users/josue/.m2/repository/com/aayushatharva/brotli4j/native-osx-aarch64/1.16.0/native-osx-aarch64-1.16.0.jar:/Users/josue/.m2/repository/org/apache/httpcomponents/httpclient/4.5.14/httpclient-4.5.14.jar:/Users/josue/.m2/repository/org/apache/httpcomponents/httpcore/4.4.16/httpcore-4.4.16.jar:/Users/josue/.m2/repository/commons-codec/commons-codec/1.16.1/commons-codec-1.16.1.jar:/Users/josue/.m2/repository/ch/qos/logback/logback-classic/1.5.4/logback-classic-1.5.4.jar:/Users/josue/.m2/repository/ch/qos/logback/logback-core/1.5.4/logback-core-1.5.4.jar:/Users/josue/.m2/repository/org/slf4j/jcl-over-slf4j/2.0.12/jcl-over-slf4j-2.0.12.jar:/Users/josue/.m2/repository/org/slf4j/slf4j-api/2.0.12/slf4j-api-2.0.12.jar:/Users/josue/.m2/repository/org/antlr/antlr4-runtime/4.13.1/antlr4-runtime-4.13.1.jar:/Users/josue/.m2/repository/com/jayway/jsonpath/json-path/2.9.0/json-path-2.9.0.jar:/Users/josue/.m2/repository/net/minidev/json-smart/2.5.1/json-smart-2.5.1.jar:/Users/josue/.m2/repository/net/minidev/accessors-smart/2.5.1/accessors-smart-2.5.1.jar:/Users/josue/.m2/repository/org/ow2/asm/asm/9.6/asm-9.6.jar:/Users/josue/.m2/repository/org/yaml/snakeyaml/2.2/snakeyaml-2.2.jar:/Users/josue/.m2/repository/de/siegmar/fastcsv/3.1.0/fastcsv-3.1.0.jar:/Users/josue/.m2/repository/info/picocli/picocli/4.7.5/picocli-4.7.5.jar:/Users/josue/.m2/repository/io/github/classgraph/classgraph/4.8.170/classgraph-4.8.170.jar:/Users/josue/.m2/repository/io/github/t12y/resemble/1.1.0/resemble-1.1.0.jar:/Users/josue/.m2/repository/io/github/t12y/ssim/1.0.0/ssim-1.0.0.jar:/Users/josue/.m2/repository/org/junit/jupiter/junit-jupiter-api/5.10.2/junit-jupiter-api-5.10.2.jar:/Users/josue/.m2/repository/org/opentest4j/opentest4j/1.3.0/opentest4j-1.3.0.jar:/Users/josue/.m2/repository/org/junit/platform/junit-platform-commons/1.10.2/junit-platform-commons-1.10.2.jar:/Users/josue/.m2/repository/org/apiguardian/apiguardian-api/1.1.2/apiguardian-api-1.1.2.jar:/Users/josue/.m2/repository/org/junit/jupiter/junit-jupiter-engine/5.10.2/junit-jupiter-engine-5.10.2.jar:/Users/josue/.m2/repository/org/junit/platform/junit-platform-engine/1.10.2/junit-platform-engine-1.10.2.jar:"/>
    <property name="java.vm.vendor" value="Oracle Corporation"/>
    <property name="sun.arch.data.model" value="64"/>
    <property name="java.vendor.url" value="https://java.oracle.com/"/>
    <property name="user.timezone" value="America/La_Paz"/>
    <property name="os.name" value="Mac OS X"/>
    <property name="java.vm.specification.version" value="21"/>
    <property name="sun.java.launcher" value="SUN_STANDARD"/>
    <property name="user.country" value="US"/>
    <property name="sun.boot.library.path" value="/Library/Java/JavaVirtualMachines/jdk-21.jdk/Contents/Home/lib"/>
    <property name="sun.java.command" value="/Users/josue/Documents/QA/KarateProject/myproject/target/surefire/surefirebooter-20250429135350256_3.jar /Users/josue/Documents/QA/KarateProject/myproject/target/surefire 2025-04-29T13-53-50_223-jvmRun1 surefire-20250429135350256_1tmp surefire_0-20250429135350256_2tmp"/>
    <property name="http.nonProxyHosts" value="local|*.local|169.254/16|*.169.254/16"/>
    <property name="jdk.debug" value="release"/>
    <property name="surefire.test.class.path" value="/Users/josue/Documents/QA/KarateProject/myproject/target/test-classes:/Users/josue/Documents/QA/KarateProject/myproject/target/classes:/Users/josue/.m2/repository/io/karatelabs/karate-junit5/1.5.0/karate-junit5-1.5.0.jar:/Users/josue/.m2/repository/io/karatelabs/karate-core/1.5.0/karate-core-1.5.0.jar:/Users/josue/.m2/repository/org/graalvm/js/js-scriptengine/24.0.0/js-scriptengine-24.0.0.jar:/Users/josue/.m2/repository/org/graalvm/polyglot/polyglot/24.0.0/polyglot-24.0.0.jar:/Users/josue/.m2/repository/org/graalvm/sdk/collections/24.0.0/collections-24.0.0.jar:/Users/josue/.m2/repository/org/graalvm/sdk/nativeimage/24.0.0/nativeimage-24.0.0.jar:/Users/josue/.m2/repository/org/graalvm/sdk/word/24.0.0/word-24.0.0.jar:/Users/josue/.m2/repository/org/graalvm/js/js-language/24.0.0/js-language-24.0.0.jar:/Users/josue/.m2/repository/org/graalvm/regex/regex/24.0.0/regex-24.0.0.jar:/Users/josue/.m2/repository/org/graalvm/truffle/truffle-api/24.0.0/truffle-api-24.0.0.jar:/Users/josue/.m2/repository/org/graalvm/shadowed/icu4j/24.0.0/icu4j-24.0.0.jar:/Users/josue/.m2/repository/org/thymeleaf/thymeleaf/3.1.2.RELEASE/thymeleaf-3.1.2.RELEASE.jar:/Users/josue/.m2/repository/ognl/ognl/3.3.4/ognl-3.3.4.jar:/Users/josue/.m2/repository/org/javassist/javassist/3.29.0-GA/javassist-3.29.0-GA.jar:/Users/josue/.m2/repository/org/attoparser/attoparser/2.0.7.RELEASE/attoparser-2.0.7.RELEASE.jar:/Users/josue/.m2/repository/org/unbescape/unbescape/1.1.6.RELEASE/unbescape-1.1.6.RELEASE.jar:/Users/josue/.m2/repository/com/linecorp/armeria/armeria/1.29.2/armeria-1.29.2.jar:/Users/josue/.m2/repository/com/fasterxml/jackson/core/jackson-core/2.17.1/jackson-core-2.17.1.jar:/Users/josue/.m2/repository/com/fasterxml/jackson/core/jackson-annotations/2.17.1/jackson-annotations-2.17.1.jar:/Users/josue/.m2/repository/com/fasterxml/jackson/core/jackson-databind/2.17.1/jackson-databind-2.17.1.jar:/Users/josue/.m2/repository/com/fasterxml/jackson/datatype/jackson-datatype-jdk8/2.17.1/jackson-datatype-jdk8-2.17.1.jar:/Users/josue/.m2/repository/com/fasterxml/jackson/datatype/jackson-datatype-jsr310/2.17.1/jackson-datatype-jsr310-2.17.1.jar:/Users/josue/.m2/repository/io/micrometer/micrometer-core/1.13.0/micrometer-core-1.13.0.jar:/Users/josue/.m2/repository/io/micrometer/micrometer-commons/1.13.0/micrometer-commons-1.13.0.jar:/Users/josue/.m2/repository/io/micrometer/micrometer-observation/1.13.0/micrometer-observation-1.13.0.jar:/Users/josue/.m2/repository/org/hdrhistogram/HdrHistogram/2.2.1/HdrHistogram-2.2.1.jar:/Users/josue/.m2/repository/org/latencyutils/LatencyUtils/2.0.3/LatencyUtils-2.0.3.jar:/Users/josue/.m2/repository/io/netty/netty-transport/4.1.110.Final/netty-transport-4.1.110.Final.jar:/Users/josue/.m2/repository/io/netty/netty-common/4.1.110.Final/netty-common-4.1.110.Final.jar:/Users/josue/.m2/repository/io/netty/netty-buffer/4.1.110.Final/netty-buffer-4.1.110.Final.jar:/Users/josue/.m2/repository/io/netty/netty-resolver/4.1.110.Final/netty-resolver-4.1.110.Final.jar:/Users/josue/.m2/repository/io/netty/netty-codec-haproxy/4.1.110.Final/netty-codec-haproxy-4.1.110.Final.jar:/Users/josue/.m2/repository/io/netty/netty-codec/4.1.110.Final/netty-codec-4.1.110.Final.jar:/Users/josue/.m2/repository/io/netty/netty-codec-http2/4.1.110.Final/netty-codec-http2-4.1.110.Final.jar:/Users/josue/.m2/repository/io/netty/netty-handler/4.1.110.Final/netty-handler-4.1.110.Final.jar:/Users/josue/.m2/repository/io/netty/netty-codec-http/4.1.110.Final/netty-codec-http-4.1.110.Final.jar:/Users/josue/.m2/repository/io/netty/netty-resolver-dns/4.1.110.Final/netty-resolver-dns-4.1.110.Final.jar:/Users/josue/.m2/repository/io/netty/netty-codec-dns/4.1.110.Final/netty-codec-dns-4.1.110.Final.jar:/Users/josue/.m2/repository/io/netty/netty-transport-native-unix-common/4.1.110.Final/netty-transport-native-unix-common-4.1.110.Final-linux-x86_64.jar:/Users/josue/.m2/repository/io/netty/netty-transport-native-unix-common/4.1.110.Final/netty-transport-native-unix-common-4.1.110.Final-linux-aarch_64.jar:/Users/josue/.m2/repository/io/netty/netty-transport-native-unix-common/4.1.110.Final/netty-transport-native-unix-common-4.1.110.Final-osx-x86_64.jar:/Users/josue/.m2/repository/io/netty/netty-transport-native-unix-common/4.1.110.Final/netty-transport-native-unix-common-4.1.110.Final-osx-aarch_64.jar:/Users/josue/.m2/repository/org/reactivestreams/reactive-streams/1.0.4/reactive-streams-1.0.4.jar:/Users/josue/.m2/repository/com/google/code/findbugs/jsr305/3.0.2/jsr305-3.0.2.jar:/Users/josue/.m2/repository/io/netty/netty-handler-proxy/4.1.110.Final/netty-handler-proxy-4.1.110.Final.jar:/Users/josue/.m2/repository/io/netty/netty-codec-socks/4.1.110.Final/netty-codec-socks-4.1.110.Final.jar:/Users/josue/.m2/repository/io/netty/netty-transport-native-epoll/4.1.110.Final/netty-transport-native-epoll-4.1.110.Final-linux-x86_64.jar:/Users/josue/.m2/repository/io/netty/netty-transport-native-unix-common/4.1.110.Final/netty-transport-native-unix-common-4.1.110.Final.jar:/Users/josue/.m2/repository/io/netty/netty-transport-classes-epoll/4.1.110.Final/netty-transport-classes-epoll-4.1.110.Final.jar:/Users/josue/.m2/repository/io/netty/netty-transport-native-epoll/4.1.110.Final/netty-transport-native-epoll-4.1.110.Final-linux-aarch_64.jar:/Users/josue/.m2/repository/io/netty/netty-transport-native-kqueue/4.1.110.Final/netty-transport-native-kqueue-4.1.110.Final-osx-x86_64.jar:/Users/josue/.m2/repository/io/netty/netty-transport-classes-kqueue/4.1.110.Final/netty-transport-classes-kqueue-4.1.110.Final.jar:/Users/josue/.m2/repository/io/netty/netty-resolver-dns-native-macos/4.1.110.Final/netty-resolver-dns-native-macos-4.1.110.Final-osx-x86_64.jar:/Users/josue/.m2/repository/io/netty/netty-resolver-dns-classes-macos/4.1.110.Final/netty-resolver-dns-classes-macos-4.1.110.Final.jar:/Users/josue/.m2/repository/io/netty/netty-transport-native-kqueue/4.1.110.Final/netty-transport-native-kqueue-4.1.110.Final-osx-aarch_64.jar:/Users/josue/.m2/repository/io/netty/netty-resolver-dns-native-macos/4.1.110.Final/netty-resolver-dns-native-macos-4.1.110.Final-osx-aarch_64.jar:/Users/josue/.m2/repository/io/netty/netty-tcnative-boringssl-static/2.0.65.Final/netty-tcnative-boringssl-static-2.0.65.Final-linux-x86_64.jar:/Users/josue/.m2/repository/io/netty/netty-tcnative-classes/2.0.65.Final/netty-tcnative-classes-2.0.65.Final.jar:/Users/josue/.m2/repository/io/netty/netty-tcnative-boringssl-static/2.0.65.Final/netty-tcnative-boringssl-static-2.0.65.Final-linux-aarch_64.jar:/Users/josue/.m2/repository/io/netty/netty-tcnative-boringssl-static/2.0.65.Final/netty-tcnative-boringssl-static-2.0.65.Final-osx-x86_64.jar:/Users/josue/.m2/repository/io/netty/netty-tcnative-boringssl-static/2.0.65.Final/netty-tcnative-boringssl-static-2.0.65.Final-osx-aarch_64.jar:/Users/josue/.m2/repository/io/netty/netty-tcnative-boringssl-static/2.0.65.Final/netty-tcnative-boringssl-static-2.0.65.Final-windows-x86_64.jar:/Users/josue/.m2/repository/com/aayushatharva/brotli4j/brotli4j/1.16.0/brotli4j-1.16.0.jar:/Users/josue/.m2/repository/com/aayushatharva/brotli4j/service/1.16.0/service-1.16.0.jar:/Users/josue/.m2/repository/com/aayushatharva/brotli4j/native-osx-aarch64/1.16.0/native-osx-aarch64-1.16.0.jar:/Users/josue/.m2/repository/org/apache/httpcomponents/httpclient/4.5.14/httpclient-4.5.14.jar:/Users/josue/.m2/repository/org/apache/httpcomponents/httpcore/4.4.16/httpcore-4.4.16.jar:/Users/josue/.m2/repository/commons-codec/commons-codec/1.16.1/commons-codec-1.16.1.jar:/Users/josue/.m2/repository/ch/qos/logback/logback-classic/1.5.4/logback-classic-1.5.4.jar:/Users/josue/.m2/repository/ch/qos/logback/logback-core/1.5.4/logback-core-1.5.4.jar:/Users/josue/.m2/repository/org/slf4j/jcl-over-slf4j/2.0.12/jcl-over-slf4j-2.0.12.jar:/Users/josue/.m2/repository/org/slf4j/slf4j-api/2.0.12/slf4j-api-2.0.12.jar:/Users/josue/.m2/repository/org/antlr/antlr4-runtime/4.13.1/antlr4-runtime-4.13.1.jar:/Users/josue/.m2/repository/com/jayway/jsonpath/json-path/2.9.0/json-path-2.9.0.jar:/Users/josue/.m2/repository/net/minidev/json-smart/2.5.1/json-smart-2.5.1.jar:/Users/josue/.m2/repository/net/minidev/accessors-smart/2.5.1/accessors-smart-2.5.1.jar:/Users/josue/.m2/repository/org/ow2/asm/asm/9.6/asm-9.6.jar:/Users/josue/.m2/repository/org/yaml/snakeyaml/2.2/snakeyaml-2.2.jar:/Users/josue/.m2/repository/de/siegmar/fastcsv/3.1.0/fastcsv-3.1.0.jar:/Users/josue/.m2/repository/info/picocli/picocli/4.7.5/picocli-4.7.5.jar:/Users/josue/.m2/repository/io/github/classgraph/classgraph/4.8.170/classgraph-4.8.170.jar:/Users/josue/.m2/repository/io/github/t12y/resemble/1.1.0/resemble-1.1.0.jar:/Users/josue/.m2/repository/io/github/t12y/ssim/1.0.0/ssim-1.0.0.jar:/Users/josue/.m2/repository/org/junit/jupiter/junit-jupiter-api/5.10.2/junit-jupiter-api-5.10.2.jar:/Users/josue/.m2/repository/org/opentest4j/opentest4j/1.3.0/opentest4j-1.3.0.jar:/Users/josue/.m2/repository/org/junit/platform/junit-platform-commons/1.10.2/junit-platform-commons-1.10.2.jar:/Users/josue/.m2/repository/org/apiguardian/apiguardian-api/1.1.2/apiguardian-api-1.1.2.jar:/Users/josue/.m2/repository/org/junit/jupiter/junit-jupiter-engine/5.10.2/junit-jupiter-engine-5.10.2.jar:/Users/josue/.m2/repository/org/junit/platform/junit-platform-engine/1.10.2/junit-platform-engine-1.10.2.jar:"/>
    <property name="sun.cpu.endian" value="little"/>
    <property name="user.home" value="/Users/josue"/>
    <property name="user.language" value="en"/>
    <property name="java.specification.vendor" value="Oracle Corporation"/>
    <property name="java.version.date" value="2025-04-15"/>
    <property name="java.home" value="/Library/Java/JavaVirtualMachines/jdk-21.jdk/Contents/Home"/>
    <property name="file.separator" value="/"/>
    <property name="basedir" value="/Users/josue/Documents/QA/KarateProject/myproject"/>
    <property name="java.vm.compressedOopsMode" value="Zero based"/>
    <property name="line.separator" value="&#10;"/>
    <property name="java.vm.specification.vendor" value="Oracle Corporation"/>
    <property name="java.specification.name" value="Java Platform API Specification"/>
    <property name="apple.awt.application.name" value="ForkedBooter"/>
    <property name="surefire.real.class.path" value="/Users/josue/Documents/QA/KarateProject/myproject/target/surefire/surefirebooter-20250429135350256_3.jar"/>
    <property name="sun.management.compiler" value="HotSpot 64-Bit Tiered Compilers"/>
    <property name="ftp.nonProxyHosts" value="local|*.local|169.254/16|*.169.254/16"/>
    <property name="java.runtime.version" value="21.0.7+8-LTS-245"/>
    <property name="user.name" value="josue"/>
    <property name="stdout.encoding" value="UTF-8"/>
    <property name="path.separator" value=":"/>
    <property name="os.version" value="15.1"/>
    <property name="java.runtime.name" value="Java(TM) SE Runtime Environment"/>
    <property name="file.encoding" value="UTF-8"/>
    <property name="java.vm.name" value="Java HotSpot(TM) 64-Bit Server VM"/>
    <property name="localRepository" value="/Users/josue/.m2/repository"/>
    <property name="java.vendor.url.bug" value="https://bugreport.java.com/bugreport/"/>
    <property name="java.io.tmpdir" value="/var/folders/7c/s76n11s169q6xzlcbsm9v0jr0000gn/T/"/>
    <property name="java.version" value="21.0.7"/>
    <property name="user.dir" value="/Users/josue/Documents/QA/KarateProject/myproject"/>
    <property name="os.arch" value="aarch64"/>
    <property name="java.vm.specification.name" value="Java Virtual Machine Specification"/>
    <property name="native.encoding" value="UTF-8"/>
    <property name="java.library.path" value="/Users/josue/Library/Java/Extensions:/Library/Java/Extensions:/Network/Library/Java/Extensions:/System/Library/Java/Extensions:/usr/lib/java:."/>
    <property name="java.vm.info" value="mixed mode, sharing"/>
    <property name="stderr.encoding" value="UTF-8"/>
    <property name="java.vendor" value="Oracle Corporation"/>
    <property name="java.vm.version" value="21.0.7+8-LTS-245"/>
    <property name="sun.io.unicode.encoding" value="UnicodeBig"/>
    <property name="socksNonProxyHosts" value="local|*.local|169.254/16|*.169.254/16"/>
    <property name="java.class.version" value="65.0"/>
  </properties>
  <testcase name="testParallel" classname="examples.ExamplesTest" time="2.18">
    <failure message="match failed: EQUALS&#10;  $ | not equal (STRING:STRING)&#10;  &apos;ZeusActualizado&apos;&#10;  &apos;Zeus&apos;&#10;&#10;classpath:examples/PetStore/get_pet.feature:12 ==&gt; expected: &lt;0&gt; but was: &lt;1&gt;" type="org.opentest4j.AssertionFailedError"><![CDATA[org.opentest4j.AssertionFailedError: 
match failed: EQUALS
  $ | not equal (STRING:STRING)
  'ZeusActualizado'
  'Zeus'

classpath:examples/PetStore/get_pet.feature:12 ==> expected: <0> but was: <1>
	at org.junit.jupiter.api.AssertionFailureBuilder.build(AssertionFailureBuilder.java:151)
	at org.junit.jupiter.api.AssertionFailureBuilder.buildAndThrow(AssertionFailureBuilder.java:132)
	at org.junit.jupiter.api.AssertEquals.failNotEqual(AssertEquals.java:197)
	at org.junit.jupiter.api.AssertEquals.assertEquals(AssertEquals.java:150)
	at org.junit.jupiter.api.Assertions.assertEquals(Assertions.java:563)
	at examples.ExamplesTest.testParallel(ExamplesTest.java:15)
	at java.base/java.lang.reflect.Method.invoke(Method.java:580)
	at java.base/java.util.ArrayList.forEach(ArrayList.java:1596)
	at java.base/java.util.ArrayList.forEach(ArrayList.java:1596)
]]></failure>
    <system-out><![CDATA[13:53:50.806 [main] DEBUG com.intuit.karate.Suite - [config] classpath:karate-config.js
13:53:50.809 [main] DEBUG com.intuit.karate.Suite - waiting for 5 features to complete
13:53:51.258 [pool-2-thread-1] INFO  com.intuit.karate - karate.env system property was: null 
13:53:51.258 [pool-2-thread-4] INFO  com.intuit.karate - karate.env system property was: null 
13:53:51.258 [pool-2-thread-5] INFO  com.intuit.karate - karate.env system property was: null 
13:53:51.258 [pool-2-thread-2] INFO  com.intuit.karate - karate.env system property was: null 
13:53:51.258 [pool-2-thread-3] INFO  com.intuit.karate - karate.env system property was: null 
13:53:51.377 [pool-2-thread-3] DEBUG com.intuit.karate - request:
1 > GET https://petstore.swagger.io/v2/pet/10
1 > Host: petstore.swagger.io
1 > Connection: Keep-Alive
1 > User-Agent: Apache-HttpClient/4.5.14 (Java/21.0.7)
1 > Accept-Encoding: gzip,deflate


13:53:51.377 [pool-2-thread-2] DEBUG com.intuit.karate - request:
1 > DELETE https://petstore.swagger.io/v2/pet/10
1 > Host: petstore.swagger.io
1 > Connection: Keep-Alive
1 > User-Agent: Apache-HttpClient/4.5.14 (Java/21.0.7)
1 > Accept-Encoding: gzip,deflate


13:53:51.377 [pool-2-thread-1] DEBUG com.intuit.karate - request:
1 > POST https://petstore.swagger.io/v2/pet
1 > Content-Type: application/json; charset=UTF-8
1 > Content-Length: 135
1 > Host: petstore.swagger.io
1 > Connection: Keep-Alive
1 > User-Agent: Apache-HttpClient/4.5.14 (Java/21.0.7)
1 > Accept-Encoding: gzip,deflate
{"id":10,"category":{"id":0,"name":"Dog"},"name":"Zeus","photoUrls":["string"],"tags":[{"id":0,"name":"mascota"}],"status":"available"}

13:53:51.377 [pool-2-thread-5] DEBUG com.intuit.karate - request:
1 > GET https://jsonplaceholder.typicode.com/users
1 > Host: jsonplaceholder.typicode.com
1 > Connection: Keep-Alive
1 > User-Agent: Apache-HttpClient/4.5.14 (Java/21.0.7)
1 > Accept-Encoding: gzip,deflate


13:53:51.377 [pool-2-thread-4] DEBUG com.intuit.karate - request:
1 > PUT https://petstore.swagger.io/v2/pet
1 > Content-Type: application/json; charset=UTF-8
1 > Content-Length: 141
1 > Host: petstore.swagger.io
1 > Connection: Keep-Alive
1 > User-Agent: Apache-HttpClient/4.5.14 (Java/21.0.7)
1 > Accept-Encoding: gzip,deflate
{"id":10,"category":{"id":0,"name":"Dog"},"name":"ZeusActualizado","photoUrls":["string"],"tags":[{"id":0,"name":"mascota"}],"status":"sold"}

13:53:51.761 [pool-2-thread-5] DEBUG com.intuit.karate - response time in milliseconds: 382
1 < 200
1 < Date: Tue, 29 Apr 2025 17:53:51 GMT
1 < Content-Type: application/json; charset=utf-8
1 < Transfer-Encoding: chunked
1 < Connection: keep-alive
1 < Server: cloudflare
1 < Cf-Ray: 9380a94a9bfab81e-GRU
1 < Report-To: {"group":"heroku-nel","max_age":3600,"endpoints":[{"url":"https://nel.heroku.com/reports?ts=1745352637&sid=e11707d5-02a7-43ef-b45e-2cf4d2036f7d&s=QABEMif%2Bskl1OK0p%2Fr6xYTi0Ul2n29NsRZSqz9YEIgQ%3D"}]}
1 < Reporting-Endpoints: heroku-nel=https://nel.heroku.com/reports?ts=1745352637&sid=e11707d5-02a7-43ef-b45e-2cf4d2036f7d&s=QABEMif%2Bskl1OK0p%2Fr6xYTi0Ul2n29NsRZSqz9YEIgQ%3D
1 < Nel: {"report_to":"heroku-nel","max_age":3600,"success_fraction":0.005,"failure_fraction":0.05,"response_headers":["Via"]}
1 < X-Powered-By: Express
1 < X-Ratelimit-Limit: 1000
1 < X-Ratelimit-Remaining: 999
1 < X-Ratelimit-Reset: 1745352673
1 < Vary: Origin, Accept-Encoding
1 < Access-Control-Allow-Credentials: true
1 < Cache-Control: max-age=43200
1 < Pragma: no-cache
1 < Expires: -1
1 < X-Content-Type-Options: nosniff
1 < Etag: W/"160d-1eMSsxeJRfnVLRBmYJSbCiJZ1qQ"
1 < Via: 1.1 vegur
1 < Age: 20492
1 < Cf-Cache-Status: HIT
1 < alt-svc: h3=":443"; ma=86400
1 < server-timing: cfL4;desc="?proto=TCP&rtt=59116&min_rtt=56694&rtt_var=22991&sent=5&recv=8&lost=0&retrans=0&sent_bytes=3113&recv_bytes=777&delivery_rate=64980&cwnd=220&unsent_bytes=0&cid=296edee8d28523e8&ts=97&x=0"
[
  {
    "id": 1,
    "name": "Leanne Graham",
    "username": "Bret",
    "email": "Sincere@april.biz",
    "address": {
      "street": "Kulas Light",
      "suite": "Apt. 556",
      "city": "Gwenborough",
      "zipcode": "92998-3874",
      "geo": {
        "lat": "-37.3159",
        "lng": "81.1496"
      }
    },
    "phone": "1-770-736-8031 x56442",
    "website": "hildegard.org",
    "company": {
      "name": "Romaguera-Crona",
      "catchPhrase": "Multi-layered client-server neural-net",
      "bs": "harness real-time e-markets"
    }
  },
  {
    "id": 2,
    "name": "Ervin Howell",
    "username": "Antonette",
    "email": "Shanna@melissa.tv",
    "address": {
      "street": "Victor Plains",
      "suite": "Suite 879",
      "city": "Wisokyburgh",
      "zipcode": "90566-7771",
      "geo": {
        "lat": "-43.9509",
        "lng": "-34.4618"
      }
    },
    "phone": "010-692-6593 x09125",
    "website": "anastasia.net",
    "company": {
      "name": "Deckow-Crist",
      "catchPhrase": "Proactive didactic contingency",
      "bs": "synergize scalable supply-chains"
    }
  },
  {
    "id": 3,
    "name": "Clementine Bauch",
    "username": "Samantha",
    "email": "Nathan@yesenia.net",
    "address": {
      "street": "Douglas Extension",
      "suite": "Suite 847",
      "city": "McKenziehaven",
      "zipcode": "59590-4157",
      "geo": {
        "lat": "-68.6102",
        "lng": "-47.0653"
      }
    },
    "phone": "1-463-123-4447",
    "website": "ramiro.info",
    "company": {
      "name": "Romaguera-Jacobson",
      "catchPhrase": "Face to face bifurcated interface",
      "bs": "e-enable strategic applications"
    }
  },
  {
    "id": 4,
    "name": "Patricia Lebsack",
    "username": "Karianne",
    "email": "Julianne.OConner@kory.org",
    "address": {
      "street": "Hoeger Mall",
      "suite": "Apt. 692",
      "city": "South Elvis",
      "zipcode": "53919-4257",
      "geo": {
        "lat": "29.4572",
        "lng": "-164.2990"
      }
    },
    "phone": "493-170-9623 x156",
    "website": "kale.biz",
    "company": {
      "name": "Robel-Corkery",
      "catchPhrase": "Multi-tiered zero tolerance productivity",
      "bs": "transition cutting-edge web services"
    }
  },
  {
    "id": 5,
    "name": "Chelsey Dietrich",
    "username": "Kamren",
    "email": "Lucio_Hettinger@annie.ca",
    "address": {
      "street": "Skiles Walks",
      "suite": "Suite 351",
      "city": "Roscoeview",
      "zipcode": "33263",
      "geo": {
        "lat": "-31.8129",
        "lng": "62.5342"
      }
    },
    "phone": "(254)954-1289",
    "website": "demarco.info",
    "company": {
      "name": "Keebler LLC",
      "catchPhrase": "User-centric fault-tolerant solution",
      "bs": "revolutionize end-to-end systems"
    }
  },
  {
    "id": 6,
    "name": "Mrs. Dennis Schulist",
    "username": "Leopoldo_Corkery",
    "email": "Karley_Dach@jasper.info",
    "address": {
      "street": "Norberto Crossing",
      "suite": "Apt. 950",
      "city": "South Christy",
      "zipcode": "23505-1337",
      "geo": {
        "lat": "-71.4197",
        "lng": "71.7478"
      }
    },
    "phone": "1-477-935-8478 x6430",
    "website": "ola.org",
    "company": {
      "name": "Considine-Lockman",
      "catchPhrase": "Synchronised bottom-line interface",
      "bs": "e-enable innovative applications"
    }
  },
  {
    "id": 7,
    "name": "Kurtis Weissnat",
    "username": "Elwyn.Skiles",
    "email": "Telly.Hoeger@billy.biz",
    "address": {
      "street": "Rex Trail",
      "suite": "Suite 280",
      "city": "Howemouth",
      "zipcode": "58804-1099",
      "geo": {
        "lat": "24.8918",
        "lng": "21.8984"
      }
    },
    "phone": "210.067.6132",
    "website": "elvis.io",
    "company": {
      "name": "Johns Group",
      "catchPhrase": "Configurable multimedia task-force",
      "bs": "generate enterprise e-tailers"
    }
  },
  {
    "id": 8,
    "name": "Nicholas Runolfsdottir V",
    "username": "Maxime_Nienow",
    "email": "Sherwood@rosamond.me",
    "address": {
      "street": "Ellsworth Summit",
      "suite": "Suite 729",
      "city": "Aliyaview",
      "zipcode": "45169",
      "geo": {
        "lat": "-14.3990",
        "lng": "-120.7677"
      }
    },
    "phone": "586.493.6943 x140",
    "website": "jacynthe.com",
    "company": {
      "name": "Abernathy Group",
      "catchPhrase": "Implemented secondary concept",
      "bs": "e-enable extensible e-tailers"
    }
  },
  {
    "id": 9,
    "name": "Glenna Reichert",
    "username": "Delphine",
    "email": "Chaim_McDermott@dana.io",
    "address": {
      "street": "Dayna Park",
      "suite": "Suite 449",
      "city": "Bartholomebury",
      "zipcode": "76495-3109",
      "geo": {
        "lat": "24.6463",
        "lng": "-168.8889"
      }
    },
    "phone": "(775)976-6794 x41206",
    "website": "conrad.com",
    "company": {
      "name": "Yost and Sons",
      "catchPhrase": "Switchable contextually-based project",
      "bs": "aggregate real-time technologies"
    }
  },
  {
    "id": 10,
    "name": "Clementina DuBuque",
    "username": "Moriah.Stanton",
    "email": "Rey.Padberg@karina.biz",
    "address": {
      "street": "Kattie Turnpike",
      "suite": "Suite 198",
      "city": "Lebsackbury",
      "zipcode": "31428-2261",
      "geo": {
        "lat": "-38.2386",
        "lng": "57.2232"
      }
    },
    "phone": "024-648-3804",
    "website": "ambrose.net",
    "company": {
      "name": "Hoeger LLC",
      "catchPhrase": "Centralized empowering task-force",
      "bs": "target end-to-end models"
    }
  }
]

13:53:51.768 [pool-2-thread-5] DEBUG com.intuit.karate - request:
2 > GET https://jsonplaceholder.typicode.com/users/1
2 > Host: jsonplaceholder.typicode.com
2 > Connection: Keep-Alive
2 > User-Agent: Apache-HttpClient/4.5.14 (Java/21.0.7)
2 > Accept-Encoding: gzip,deflate


13:53:51.999 [pool-2-thread-5] DEBUG com.intuit.karate - response time in milliseconds: 231
2 < 200
2 < Date: Tue, 29 Apr 2025 17:53:52 GMT
2 < Content-Type: application/json; charset=utf-8
2 < Transfer-Encoding: chunked
2 < Connection: keep-alive
2 < Cf-Ray: 9380a94c1b2c0290-GRU
2 < Server: cloudflare
2 < Report-To: {"group":"heroku-nel","max_age":3600,"endpoints":[{"url":"https://nel.heroku.com/reports?ts=1745352652&sid=e11707d5-02a7-43ef-b45e-2cf4d2036f7d&s=hzAGpvWTQcRkT69BXtmYNYLXl7CVs2GH9%2FbNXzIw0vc%3D"}]}
2 < Reporting-Endpoints: heroku-nel=https://nel.heroku.com/reports?ts=1745352652&sid=e11707d5-02a7-43ef-b45e-2cf4d2036f7d&s=hzAGpvWTQcRkT69BXtmYNYLXl7CVs2GH9%2FbNXzIw0vc%3D
2 < Nel: {"report_to":"heroku-nel","max_age":3600,"success_fraction":0.005,"failure_fraction":0.05,"response_headers":["Via"]}
2 < X-Powered-By: Express
2 < X-Ratelimit-Limit: 1000
2 < X-Ratelimit-Remaining: 999
2 < X-Ratelimit-Reset: 1745352673
2 < Vary: Origin, Accept-Encoding
2 < Access-Control-Allow-Credentials: true
2 < Cache-Control: max-age=43200
2 < Pragma: no-cache
2 < Expires: -1
2 < X-Content-Type-Options: nosniff
2 < Etag: W/"1fd-+2Y3G3w049iSZtw5t1mzSnunngE"
2 < Via: 1.1 vegur
2 < Age: 20126
2 < Cf-Cache-Status: HIT
2 < alt-svc: h3=":443"; ma=86400
2 < server-timing: cfL4;desc="?proto=TCP&rtt=73104&min_rtt=55140&rtt_var=33509&sent=3&recv=7&lost=0&retrans=0&sent_bytes=219&recv_bytes=1034&delivery_rate=22270&cwnd=250&unsent_bytes=0&cid=3f80f0af33c6e07e&ts=80&x=0"
{
  "id": 1,
  "name": "Leanne Graham",
  "username": "Bret",
  "email": "Sincere@april.biz",
  "address": {
    "street": "Kulas Light",
    "suite": "Apt. 556",
    "city": "Gwenborough",
    "zipcode": "92998-3874",
    "geo": {
      "lat": "-37.3159",
      "lng": "81.1496"
    }
  },
  "phone": "1-770-736-8031 x56442",
  "website": "hildegard.org",
  "company": {
    "name": "Romaguera-Crona",
    "catchPhrase": "Multi-layered client-server neural-net",
    "bs": "harness real-time e-markets"
  }
}

13:53:52.005 [pool-2-thread-5] INFO  com.intuit.karate - karate.env system property was: null 
13:53:52.008 [pool-2-thread-5] DEBUG com.intuit.karate - request:
1 > POST https://jsonplaceholder.typicode.com/users
1 > Content-Type: application/json; charset=UTF-8
1 > Content-Length: 160
1 > Host: jsonplaceholder.typicode.com
1 > Connection: Keep-Alive
1 > User-Agent: Apache-HttpClient/4.5.14 (Java/21.0.7)
1 > Accept-Encoding: gzip,deflate
{"name":"Test User","username":"testuser","email":"test@user.com","address":{"street":"Has No Name","suite":"Apt. 123","city":"Electri","zipcode":"54321-6789"}}

13:53:52.253 [pool-2-thread-1] DEBUG com.intuit.karate - response time in milliseconds: 875
1 < 200
1 < Date: Tue, 29 Apr 2025 17:53:52 GMT
1 < Content-Type: application/json
1 < Transfer-Encoding: chunked
1 < Connection: keep-alive
1 < Access-Control-Allow-Origin: *
1 < Access-Control-Allow-Methods: GET, POST, DELETE, PUT
1 < Access-Control-Allow-Headers: Content-Type, api_key, Authorization
1 < Server: Jetty(9.2.9.v20150224)
{"id":10,"category":{"id":0,"name":"Dog"},"name":"Zeus","photoUrls":["string"],"tags":[{"id":0,"name":"mascota"}],"status":"available"}

13:53:52.253 [pool-2-thread-2] DEBUG com.intuit.karate - response time in milliseconds: 875
1 < 200
1 < Date: Tue, 29 Apr 2025 17:53:52 GMT
1 < Content-Type: application/json
1 < Transfer-Encoding: chunked
1 < Connection: keep-alive
1 < Access-Control-Allow-Origin: *
1 < Access-Control-Allow-Methods: GET, POST, DELETE, PUT
1 < Access-Control-Allow-Headers: Content-Type, api_key, Authorization
1 < Server: Jetty(9.2.9.v20150224)
{"code":200,"type":"unknown","message":"10"}

13:53:52.263 [pool-2-thread-3] DEBUG com.intuit.karate - response time in milliseconds: 886
1 < 200
1 < Date: Tue, 29 Apr 2025 17:53:52 GMT
1 < Content-Type: application/json
1 < Transfer-Encoding: chunked
1 < Connection: keep-alive
1 < Access-Control-Allow-Origin: *
1 < Access-Control-Allow-Methods: GET, POST, DELETE, PUT
1 < Access-Control-Allow-Headers: Content-Type, api_key, Authorization
1 < Server: Jetty(9.2.9.v20150224)
{"id":10,"category":{"id":0,"name":"Dog"},"name":"ZeusActualizado","photoUrls":["string"],"tags":[{"id":0,"name":"mascota"}],"status":"sold"}

13:53:52.263 [pool-2-thread-4] DEBUG com.intuit.karate - response time in milliseconds: 885
1 < 200
1 < Date: Tue, 29 Apr 2025 17:53:52 GMT
1 < Content-Type: application/json
1 < Transfer-Encoding: chunked
1 < Connection: keep-alive
1 < Access-Control-Allow-Origin: *
1 < Access-Control-Allow-Methods: GET, POST, DELETE, PUT
1 < Access-Control-Allow-Headers: Content-Type, api_key, Authorization
1 < Server: Jetty(9.2.9.v20150224)
{"id":10,"category":{"id":0,"name":"Dog"},"name":"ZeusActualizado","photoUrls":["string"],"tags":[{"id":0,"name":"mascota"}],"status":"sold"}

13:53:52.272 [pool-2-thread-3] ERROR com.intuit.karate - classpath:examples/PetStore/get_pet.feature:12
And match response.name == 'Zeus'
match failed: EQUALS
  $ | not equal (STRING:STRING)
  'ZeusActualizado'
  'Zeus'

classpath:examples/PetStore/get_pet.feature:12
---------------------------------------------------------
feature: classpath:examples/PetStore/create-pet.feature
scenarios:  1 | passed:  1 | failed:  0 | time: 0.9791
---------------------------------------------------------

13:53:52.459 [pool-3-thread-1] INFO  com.intuit.karate.Suite - <<pass>> feature 1 of 5 (4 remaining) classpath:examples/PetStore/create-pet.feature
---------------------------------------------------------
feature: classpath:examples/PetStore/delete_pet.feature
scenarios:  1 | passed:  1 | failed:  0 | time: 0.9792
---------------------------------------------------------

13:53:52.480 [pool-3-thread-1] INFO  com.intuit.karate.Suite - <<pass>> feature 2 of 5 (3 remaining) classpath:examples/PetStore/delete_pet.feature
---------------------------------------------------------
feature: classpath:examples/PetStore/get_pet.feature
scenarios:  1 | passed:  0 | failed:  1 | time: 0.9952
---------------------------------------------------------

13:53:52.501 [pool-3-thread-1] INFO  com.intuit.karate.Suite - <<fail>> feature 3 of 5 (2 remaining) classpath:examples/PetStore/get_pet.feature
---------------------------------------------------------
feature: classpath:examples/PetStore/set_pet.feature
scenarios:  1 | passed:  1 | failed:  0 | time: 0.9879
---------------------------------------------------------

13:53:52.517 [pool-3-thread-1] INFO  com.intuit.karate.Suite - <<pass>> feature 4 of 5 (1 remaining) classpath:examples/PetStore/set_pet.feature
13:53:52.572 [pool-2-thread-5] DEBUG com.intuit.karate - response time in milliseconds: 563
1 < 201
1 < Date: Tue, 29 Apr 2025 17:53:52 GMT
1 < Content-Type: application/json; charset=utf-8
1 < Content-Length: 216
1 < Connection: keep-alive
1 < Server: cloudflare
1 < Cf-Ray: 9380a94d6dc5ae51-GRU
1 < Report-To: {"group":"heroku-nel","max_age":3600,"endpoints":[{"url":"https://nel.heroku.com/reports?ts=1745949232&sid=e11707d5-02a7-43ef-b45e-2cf4d2036f7d&s=lodkuTNeBlC0Cc%2BGl0MOhp1sMdj4ANV%2BszGc70%2Fdzbk%3D"}]}
1 < Reporting-Endpoints: heroku-nel=https://nel.heroku.com/reports?ts=1745949232&sid=e11707d5-02a7-43ef-b45e-2cf4d2036f7d&s=lodkuTNeBlC0Cc%2BGl0MOhp1sMdj4ANV%2BszGc70%2Fdzbk%3D
1 < Nel: {"report_to":"heroku-nel","max_age":3600,"success_fraction":0.005,"failure_fraction":0.05,"response_headers":["Via"]}
1 < X-Powered-By: Express
1 < X-Ratelimit-Limit: 1000
1 < X-Ratelimit-Remaining: 998
1 < X-Ratelimit-Reset: 1745949239
1 < Vary: Origin, X-HTTP-Method-Override, Accept-Encoding
1 < Access-Control-Allow-Credentials: true
1 < Cache-Control: no-cache
1 < Pragma: no-cache
1 < Expires: -1
1 < Access-Control-Expose-Headers: Location
1 < Location: https://jsonplaceholder.typicode.com/users/11
1 < X-Content-Type-Options: nosniff
1 < Etag: W/"d8-pYV7+YuMGP2hxHPU9ARrf97ifDA"
1 < Via: 1.1 vegur
1 < Cf-Cache-Status: DYNAMIC
1 < alt-svc: h3=":443"; ma=86400
1 < server-timing: cfL4;desc="?proto=TCP&rtt=58266&min_rtt=54080&rtt_var=23270&sent=4&recv=7&lost=0&retrans=0&sent_bytes=219&recv_bytes=1261&delivery_rate=22707&cwnd=250&unsent_bytes=0&cid=8bfd9528a60ae8d9&ts=442&x=0"
{
  "name": "Test User",
  "username": "testuser",
  "email": "test@user.com",
  "address": {
    "street": "Has No Name",
    "suite": "Apt. 123",
    "city": "Electri",
    "zipcode": "54321-6789"
  },
  "id": 11
}

13:53:52.573 [pool-2-thread-5] INFO  com.intuit.karate - [print] created id is:  11 
---------------------------------------------------------
feature: classpath:examples/users/users.feature
scenarios:  2 | passed:  2 | failed:  0 | time: 1.2919
---------------------------------------------------------

13:53:52.608 [pool-3-thread-1] INFO  com.intuit.karate.Suite - <<pass>> feature 5 of 5 (0 remaining) classpath:examples/users/users.feature
Karate version: 1.5.0
======================================================
elapsed:   2.02 | threads:    5 | thread time: 5.23 
features:     5 | skipped:    0 | efficiency: 0.52
scenarios:    6 | passed:     5 | failed: 1
======================================================
>>> failed features:
match failed: EQUALS
  $ | not equal (STRING:STRING)
  'ZeusActualizado'
  'Zeus'

classpath:examples/PetStore/get_pet.feature:12
<<<

HTML report: (paste into browser to view) | Karate version: 1.5.0
file:///Users/josue/Documents/QA/KarateProject/myproject/target/karate-reports/karate-summary.html
===================================================================

]]></system-out>
  </testcase>
</testsuite>